16-Nov-2023 14:19:19.073 INFORMACIÓN [main] org.apache.catalina.startup.VersionLoggerListener.log Nombre de la versión del servidor: Apache Tomcat/9.0.76
16-Nov-2023 14:19:19.078 INFORMACIÓN [main] org.apache.catalina.startup.VersionLoggerListener.log Server built:                      Jun 5 2023 07:17:04 UTC
16-Nov-2023 14:19:19.094 INFORMACIÓN [main] org.apache.catalina.startup.VersionLoggerListener.log Número de versión de servidor:     9.0.76.0
16-Nov-2023 14:19:19.094 INFORMACIÓN [main] org.apache.catalina.startup.VersionLoggerListener.log OS Name:                           Windows 11
16-Nov-2023 14:19:19.094 INFORMACIÓN [main] org.apache.catalina.startup.VersionLoggerListener.log Versión de Systema Operativo:      10.0
16-Nov-2023 14:19:19.094 INFORMACIÓN [main] org.apache.catalina.startup.VersionLoggerListener.log Arquitectura:                      amd64
16-Nov-2023 14:19:19.095 INFORMACIÓN [main] org.apache.catalina.startup.VersionLoggerListener.log Java Home:                         C:\Program Files\Eclipse Adoptium\jdk-17.0.7.7-hotspot
16-Nov-2023 14:19:19.095 INFORMACIÓN [main] org.apache.catalina.startup.VersionLoggerListener.log JVM Version:                       17.0.7+7
16-Nov-2023 14:19:19.095 INFORMACIÓN [main] org.apache.catalina.startup.VersionLoggerListener.log Vededor JVM:                       Eclipse Adoptium
16-Nov-2023 14:19:19.095 INFORMACIÓN [main] org.apache.catalina.startup.VersionLoggerListener.log CATALINA_BASE:                     C:\Users\APRENDIZ\Documents\InLineManageProject-master\apache-tomcat-9.0.76
16-Nov-2023 14:19:19.096 INFORMACIÓN [main] org.apache.catalina.startup.VersionLoggerListener.log CATALINA_HOME:                     C:\Users\APRENDIZ\Documents\InLineManageProject-master\apache-tomcat-9.0.76
16-Nov-2023 14:19:19.268 INFORMACIÓN [main] org.apache.catalina.startup.VersionLoggerListener.log Command line argument:             -Djava.util.logging.config.file=c:\Users\APRENDIZ\Documents\InLineManageProject-master\apache-tomcat-9.0.76/conf/logging.properties
16-Nov-2023 14:19:19.269 INFORMACIÓN [main] org.apache.catalina.startup.VersionLoggerListener.log Command line argument:             -Djava.util.logging.manager=org.apache.juli.ClassLoaderLogManager
16-Nov-2023 14:19:19.269 INFORMACIÓN [main] org.apache.catalina.startup.VersionLoggerListener.log Command line argument:             -Djdk.tls.ephemeralDHKeySize=2048
16-Nov-2023 14:19:19.269 INFORMACIÓN [main] org.apache.catalina.startup.VersionLoggerListener.log Command line argument:             -Djava.protocol.handler.pkgs=org.apache.catalina.webresources
16-Nov-2023 14:19:19.269 INFORMACIÓN [main] org.apache.catalina.startup.VersionLoggerListener.log Command line argument:             -Dorg.apache.catalina.security.SecurityListener.UMASK=0027
16-Nov-2023 14:19:19.269 INFORMACIÓN [main] org.apache.catalina.startup.VersionLoggerListener.log Command line argument:             -Dcatalina.base=c:\Users\APRENDIZ\Documents\InLineManageProject-master\apache-tomcat-9.0.76
16-Nov-2023 14:19:19.269 INFORMACIÓN [main] org.apache.catalina.startup.VersionLoggerListener.log Command line argument:             -Dcatalina.home=c:\Users\APRENDIZ\Documents\InLineManageProject-master\apache-tomcat-9.0.76
16-Nov-2023 14:19:19.269 INFORMACIÓN [main] org.apache.catalina.startup.VersionLoggerListener.log Command line argument:             -Djava.io.tmpdir=c:\Users\APRENDIZ\Documents\InLineManageProject-master\apache-tomcat-9.0.76/temp
16-Nov-2023 14:19:19.275 INFORMACIÓN [main] org.apache.catalina.core.AprLifecycleListener.lifecycleEvent La biblioteca nativa de Apache Tomcat basada en ARP que permite un rendimiento óptimo en entornos de desarrollo no ha sido hallada en java.library.path: [C:\Program Files\Eclipse Adoptium\jdk-17.0.7.7-hotspot\bin;C:\Windows\Sun\Java\bin;C:\Windows\system32;C:\Windows;C:\Program Files\Eclipse Adoptium\jdk-17.0.7.7-hotspot\bin;C:\Program Files (x86)\Common Files\Oracle\Java\javapath;C:\Windows\system32;C:\Windows;C:\Windows\System32\Wbem;C:\Windows\System32\WindowsPowerShell\v1.0\;C:\Windows\System32\OpenSSH\;C:\xampp\php;C:\ProgramData\ComposerSetup\bin;C:\Program Files\MongoDB\Server\6.0\bin;C:\Program Files\Git\cmd;C:\Program Files\nodejs\;C:\Users\APRENDIZ\Documents\InLineManageProject-master\InLineManageProject-master\apache-maven-3.9.3\bin;C:\Program Files\Docker\Docker\resources\bin;C:\Program Files\MySQL\MySQL Shell 8.0\bin\;C:\Users\APRENDIZ\AppData\Local\Programs\Python\Python311\Scripts\;C:\Users\APRENDIZ\AppData\Local\Programs\Python\Python311\;C:\Users\APRENDIZ\AppData\Local\Microsoft\WindowsApps;;C:\Users\APRENDIZ\AppData\Roaming\Composer\vendor\bin;C:\Users\APRENDIZ\AppData\Roaming\npm;C:\Users\APRENDIZ\AppData\Local\Programs\Microsoft VS Code\bin;.]
16-Nov-2023 14:19:20.228 INFORMACIÓN [main] org.apache.coyote.AbstractProtocol.init Inicializando el manejador de protocolo ["http-nio-8080"]

16-Nov-2023 14:19:20.307 INFORMACIÓN [main] org.apache.catalina.startup.Catalina.load Server initialization in [1859] milliseconds
16-Nov-2023 14:19:20.484 INFORMACIÓN [main] org.apache.catalina.core.StandardService.startInternal Arrancando servicio [Catalina]
16-Nov-2023 14:19:20.485 INFORMACIÓN [main] org.apache.catalina.core.StandardEngine.startInternal Starting Servlet engine: [Apache Tomcat/9.0.76]
16-Nov-2023 14:19:20.535 INFORMACIÓN [main] org.apache.catalina.startup.HostConfig.deployWAR Despliegue del archivo [C:\Users\APRENDIZ\Documents\InLineManageProject-master\apache-tomcat-9.0.76\webapps\inlinemanage.war] de la aplicación web
16-Nov-2023 14:19:29.315 INFORMACIÓN [main] org.apache.jasper.servlet.TldScanner.scanJars Al menos un JAR, que se ha explorado buscando TLDs, aún no contenía TLDs. Activar historial de depuración para este historiador para una completa lista de los JARs que fueron explorados y de los que nos se halló TLDs. Saltarse JARs no necesarios durante la exploración puede dar lugar a una mejora de tiempo significativa en el arranque y compilación de JSP .
16-Nov-2023 14:19:29.486 INFORMACIÓN [main] org.apache.catalina.startup.HostConfig.deployWAR Deployment of web application archive [C:\Users\APRENDIZ\Documents\InLineManageProject-master\apache-tomcat-9.0.76\webapps\inlinemanage.war] has finished in [8.949] ms
16-Nov-2023 14:19:29.506 INFORMACIÓN [main] org.apache.catalina.startup.HostConfig.deployWAR Despliegue del archivo [C:\Users\APRENDIZ\Documents\InLineManageProject-master\apache-tomcat-9.0.76\webapps\javaweb.war] de la aplicación web
16-Nov-2023 14:19:30.625 INFORMACIÓN [main] org.apache.jasper.servlet.TldScanner.scanJars Al menos un JAR, que se ha explorado buscando TLDs, aún no contenía TLDs. Activar historial de depuración para este historiador para una completa lista de los JARs que fueron explorados y de los que nos se halló TLDs. Saltarse JARs no necesarios durante la exploración puede dar lugar a una mejora de tiempo significativa en el arranque y compilación de JSP .
16-Nov-2023 14:19:30.629 INFORMACIÓN [main] org.apache.catalina.startup.HostConfig.deployWAR Deployment of web application archive [C:\Users\APRENDIZ\Documents\InLineManageProject-master\apache-tomcat-9.0.76\webapps\javaweb.war] has finished in [1.123] ms
16-Nov-2023 14:19:30.630 INFORMACIÓN [main] org.apache.catalina.startup.HostConfig.deployDirectory Desplegando el directorio [C:\Users\APRENDIZ\Documents\InLineManageProject-master\apache-tomcat-9.0.76\webapps\docs] de la aplicación web
16-Nov-2023 14:19:30.738 INFORMACIÓN [main] org.apache.catalina.startup.HostConfig.deployDirectory Deployment of web application directory [C:\Users\APRENDIZ\Documents\InLineManageProject-master\apache-tomcat-9.0.76\webapps\docs] has finished in [109] ms
16-Nov-2023 14:19:30.738 INFORMACIÓN [main] org.apache.catalina.startup.HostConfig.deployDirectory Desplegando el directorio [C:\Users\APRENDIZ\Documents\InLineManageProject-master\apache-tomcat-9.0.76\webapps\examples] de la aplicación web
16-Nov-2023 14:19:36.175 INFORMACIÓN [main] org.apache.catalina.startup.HostConfig.deployDirectory Deployment of web application directory [C:\Users\APRENDIZ\Documents\InLineManageProject-master\apache-tomcat-9.0.76\webapps\examples] has finished in [5.437] ms
16-Nov-2023 14:19:36.176 INFORMACIÓN [main] org.apache.catalina.startup.HostConfig.deployDirectory Desplegando el directorio [C:\Users\APRENDIZ\Documents\InLineManageProject-master\apache-tomcat-9.0.76\webapps\host-manager] de la aplicación web
16-Nov-2023 14:19:36.242 INFORMACIÓN [main] org.apache.catalina.startup.HostConfig.deployDirectory Deployment of web application directory [C:\Users\APRENDIZ\Documents\InLineManageProject-master\apache-tomcat-9.0.76\webapps\host-manager] has finished in [66] ms
16-Nov-2023 14:19:36.243 INFORMACIÓN [main] org.apache.catalina.startup.HostConfig.deployDirectory Desplegando el directorio [C:\Users\APRENDIZ\Documents\InLineManageProject-master\apache-tomcat-9.0.76\webapps\manager] de la aplicación web
16-Nov-2023 14:19:36.300 INFORMACIÓN [main] org.apache.catalina.startup.HostConfig.deployDirectory Deployment of web application directory [C:\Users\APRENDIZ\Documents\InLineManageProject-master\apache-tomcat-9.0.76\webapps\manager] has finished in [58] ms
16-Nov-2023 14:19:36.301 INFORMACIÓN [main] org.apache.catalina.startup.HostConfig.deployDirectory Desplegando el directorio [C:\Users\APRENDIZ\Documents\InLineManageProject-master\apache-tomcat-9.0.76\webapps\ROOT] de la aplicación web
16-Nov-2023 14:19:36.358 INFORMACIÓN [main] org.apache.catalina.startup.HostConfig.deployDirectory Deployment of web application directory [C:\Users\APRENDIZ\Documents\InLineManageProject-master\apache-tomcat-9.0.76\webapps\ROOT] has finished in [58] ms
16-Nov-2023 14:19:36.361 INFORMACIÓN [main] org.apache.coyote.AbstractProtocol.start Starting ProtocolHandler ["http-nio-8080"]
16-Nov-2023 14:19:36.492 INFORMACIÓN [main] org.apache.catalina.startup.Catalina.start Server startup in [16185] milliseconds
