23-Jul-2023 00:00:15.683 INFORMACIÓN [main] org.apache.catalina.startup.VersionLoggerListener.log Nombre de la versión del servidor: Apache Tomcat/9.0.76
23-Jul-2023 00:00:15.688 INFORMACIÓN [main] org.apache.catalina.startup.VersionLoggerListener.log Server built:                      Jun 5 2023 07:17:04 UTC
23-Jul-2023 00:00:15.688 INFORMACIÓN [main] org.apache.catalina.startup.VersionLoggerListener.log Número de versión de servidor:     9.0.76.0
23-Jul-2023 00:00:15.688 INFORMACIÓN [main] org.apache.catalina.startup.VersionLoggerListener.log OS Name:                           Windows 10
23-Jul-2023 00:00:15.689 INFORMACIÓN [main] org.apache.catalina.startup.VersionLoggerListener.log Versión de Systema Operativo:      10.0
23-Jul-2023 00:00:15.689 INFORMACIÓN [main] org.apache.catalina.startup.VersionLoggerListener.log Arquitectura:                      amd64
23-Jul-2023 00:00:15.689 INFORMACIÓN [main] org.apache.catalina.startup.VersionLoggerListener.log Java Home:                         C:\Program Files\Eclipse Adoptium\jdk-17.0.7.7-hotspot
23-Jul-2023 00:00:15.689 INFORMACIÓN [main] org.apache.catalina.startup.VersionLoggerListener.log JVM Version:                       17.0.7+7
23-Jul-2023 00:00:15.690 INFORMACIÓN [main] org.apache.catalina.startup.VersionLoggerListener.log Vededor JVM:                       Eclipse Adoptium
23-Jul-2023 00:00:15.690 INFORMACIÓN [main] org.apache.catalina.startup.VersionLoggerListener.log CATALINA_BASE:                     C:\Users\USUARIO\Desktop\Java Web\apache-tomcat-9.0.76
23-Jul-2023 00:00:15.690 INFORMACIÓN [main] org.apache.catalina.startup.VersionLoggerListener.log CATALINA_HOME:                     C:\Users\USUARIO\Desktop\Java Web\apache-tomcat-9.0.76
23-Jul-2023 00:00:15.726 INFORMACIÓN [main] org.apache.catalina.startup.VersionLoggerListener.log Command line argument:             -Djava.util.logging.config.file=c:\Users\USUARIO\Desktop\Java Web\apache-tomcat-9.0.76/conf/logging.properties
23-Jul-2023 00:00:15.728 INFORMACIÓN [main] org.apache.catalina.startup.VersionLoggerListener.log Command line argument:             -Djava.util.logging.manager=org.apache.juli.ClassLoaderLogManager
23-Jul-2023 00:00:15.729 INFORMACIÓN [main] org.apache.catalina.startup.VersionLoggerListener.log Command line argument:             -Djdk.tls.ephemeralDHKeySize=2048
23-Jul-2023 00:00:15.729 INFORMACIÓN [main] org.apache.catalina.startup.VersionLoggerListener.log Command line argument:             -Djava.protocol.handler.pkgs=org.apache.catalina.webresources
23-Jul-2023 00:00:15.729 INFORMACIÓN [main] org.apache.catalina.startup.VersionLoggerListener.log Command line argument:             -Dorg.apache.catalina.security.SecurityListener.UMASK=0027
23-Jul-2023 00:00:15.729 INFORMACIÓN [main] org.apache.catalina.startup.VersionLoggerListener.log Command line argument:             -Dcatalina.base=c:\Users\USUARIO\Desktop\Java Web\apache-tomcat-9.0.76
23-Jul-2023 00:00:15.729 INFORMACIÓN [main] org.apache.catalina.startup.VersionLoggerListener.log Command line argument:             -Dcatalina.home=c:\Users\USUARIO\Desktop\Java Web\apache-tomcat-9.0.76
23-Jul-2023 00:00:15.730 INFORMACIÓN [main] org.apache.catalina.startup.VersionLoggerListener.log Command line argument:             -Djava.io.tmpdir=c:\Users\USUARIO\Desktop\Java Web\apache-tomcat-9.0.76/temp
23-Jul-2023 00:00:15.740 INFORMACIÓN [main] org.apache.catalina.core.AprLifecycleListener.lifecycleEvent La biblioteca nativa de Apache Tomcat basada en ARP que permite un rendimiento óptimo en entornos de desarrollo no ha sido hallada en java.library.path: [C:\Program Files\Eclipse Adoptium\jdk-17.0.7.7-hotspot\bin;C:\Windows\Sun\Java\bin;C:\Windows\system32;C:\Windows;C:\Program Files\Eclipse Adoptium\jdk-17.0.7.7-hotspot\bin;C:\Windows\system32;C:\Windows;C:\Windows\System32\Wbem;C:\Windows\System32\WindowsPowerShell\v1.0\;C:\Windows\System32\OpenSSH\;C:\Program Files\NVIDIA Corporation\NVIDIA NvDLISR;C:\Program Files\Git\cmd;C:\Program Files (x86)\NVIDIA Corporation\PhysX\Common;C:\Users\USUARIO\Desktop\Java Web\apache-maven-3.9.3\bin;C:\Users\USUARIO\AppData\Local\Microsoft\WindowsApps;;C:\Users\USUARIO\Documents\Programas\Microsoft VS Code\bin;C:\Users\USUARIO\Documents\Programas\IntelliJ IDEA 2023.1.2\bin;;.]
23-Jul-2023 00:00:16.143 INFORMACIÓN [main] org.apache.coyote.AbstractProtocol.init Inicializando el manejador de protocolo ["http-nio-8080"]

23-Jul-2023 00:00:16.184 INFORMACIÓN [main] org.apache.catalina.startup.Catalina.load Server initialization in [752] milliseconds
23-Jul-2023 00:00:16.319 INFORMACIÓN [main] org.apache.catalina.core.StandardService.startInternal Arrancando servicio [Catalina]
23-Jul-2023 00:00:16.319 INFORMACIÓN [main] org.apache.catalina.core.StandardEngine.startInternal Starting Servlet engine: [Apache Tomcat/9.0.76]
23-Jul-2023 00:00:16.364 INFORMACIÓN [main] org.apache.catalina.startup.HostConfig.deployWAR Despliegue del archivo [C:\Users\USUARIO\Desktop\Java Web\apache-tomcat-9.0.76\webapps\inlinemanage.war] de la aplicación web
23-Jul-2023 00:00:17.137 INFORMACIÓN [main] org.apache.jasper.servlet.TldScanner.scanJars Al menos un JAR, que se ha explorado buscando TLDs, aún no contenía TLDs. Activar historial de depuración para este historiador para una completa lista de los JARs que fueron explorados y de los que nos se halló TLDs. Saltarse JARs no necesarios durante la exploración puede dar lugar a una mejora de tiempo significativa en el arranque y compilación de JSP .
23-Jul-2023 00:00:17.246 INFORMACIÓN [main] org.apache.catalina.startup.HostConfig.deployWAR Deployment of web application archive [C:\Users\USUARIO\Desktop\Java Web\apache-tomcat-9.0.76\webapps\inlinemanage.war] has finished in [881] ms
23-Jul-2023 00:00:17.247 INFORMACIÓN [main] org.apache.catalina.startup.HostConfig.deployDirectory Desplegando el directorio [C:\Users\USUARIO\Desktop\Java Web\apache-tomcat-9.0.76\webapps\docs] de la aplicación web
23-Jul-2023 00:00:17.305 INFORMACIÓN [main] org.apache.catalina.startup.HostConfig.deployDirectory Deployment of web application directory [C:\Users\USUARIO\Desktop\Java Web\apache-tomcat-9.0.76\webapps\docs] has finished in [58] ms
23-Jul-2023 00:00:17.306 INFORMACIÓN [main] org.apache.catalina.startup.HostConfig.deployDirectory Desplegando el directorio [C:\Users\USUARIO\Desktop\Java Web\apache-tomcat-9.0.76\webapps\examples] de la aplicación web
23-Jul-2023 00:00:17.913 INFORMACIÓN [main] org.apache.catalina.startup.HostConfig.deployDirectory Deployment of web application directory [C:\Users\USUARIO\Desktop\Java Web\apache-tomcat-9.0.76\webapps\examples] has finished in [608] ms
23-Jul-2023 00:00:17.914 INFORMACIÓN [main] org.apache.catalina.startup.HostConfig.deployDirectory Desplegando el directorio [C:\Users\USUARIO\Desktop\Java Web\apache-tomcat-9.0.76\webapps\host-manager] de la aplicación web
23-Jul-2023 00:00:17.977 INFORMACIÓN [main] org.apache.catalina.startup.HostConfig.deployDirectory Deployment of web application directory [C:\Users\USUARIO\Desktop\Java Web\apache-tomcat-9.0.76\webapps\host-manager] has finished in [62] ms
23-Jul-2023 00:00:17.977 INFORMACIÓN [main] org.apache.catalina.startup.HostConfig.deployDirectory Desplegando el directorio [C:\Users\USUARIO\Desktop\Java Web\apache-tomcat-9.0.76\webapps\manager] de la aplicación web
23-Jul-2023 00:00:18.038 INFORMACIÓN [main] org.apache.catalina.startup.HostConfig.deployDirectory Deployment of web application directory [C:\Users\USUARIO\Desktop\Java Web\apache-tomcat-9.0.76\webapps\manager] has finished in [61] ms
23-Jul-2023 00:00:18.039 INFORMACIÓN [main] org.apache.catalina.startup.HostConfig.deployDirectory Desplegando el directorio [C:\Users\USUARIO\Desktop\Java Web\apache-tomcat-9.0.76\webapps\ROOT] de la aplicación web
23-Jul-2023 00:00:18.083 INFORMACIÓN [main] org.apache.catalina.startup.HostConfig.deployDirectory Deployment of web application directory [C:\Users\USUARIO\Desktop\Java Web\apache-tomcat-9.0.76\webapps\ROOT] has finished in [44] ms
23-Jul-2023 00:00:18.091 INFORMACIÓN [main] org.apache.coyote.AbstractProtocol.start Starting ProtocolHandler ["http-nio-8080"]
23-Jul-2023 00:00:18.136 INFORMACIÓN [main] org.apache.catalina.startup.Catalina.start Server startup in [1952] milliseconds
23-Jul-2023 00:03:18.291 INFORMACIÓN [Catalina-utility-1] org.apache.catalina.startup.HostConfig.undeploy Repliegue (undeploy) de la aplicación web que tiene como trayectoria de contexto [/inlinemanage]
23-Jul-2023 00:03:18.306 ADVERTENCIA [Catalina-utility-1] org.apache.catalina.loader.WebappClassLoaderBase.clearReferencesObjectStreamClassCaches When running on Java 9 or later you need to add "--add-opens=java.base/java.io=ALL-UNNAMED" to the JVM command line arguments to enable ObjectStream cache memory leak protection. Alternatively, you can suppress this warning by disabling ObjectStream class cache memory leak protection.
23-Jul-2023 00:03:18.306 ADVERTENCIA [Catalina-utility-1] org.apache.catalina.loader.WebappClassLoaderBase.checkThreadLocalsForLeaks When running on Java 9 or later you need to add "--add-opens=java.base/java.lang=ALL-UNNAMED" to the JVM command line arguments to enable ThreadLocal memory leak detection. Alternatively, you can suppress this warning by disabling ThreadLocal memory leak detection.
23-Jul-2023 00:03:18.310 ADVERTENCIA [Catalina-utility-1] org.apache.catalina.loader.WebappClassLoaderBase.clearReferencesRmiTargets When running on Java 9 or later you need to add "--add-opens=java.rmi/sun.rmi.transport=ALL-UNNAMED" to the JVM command line arguments to enable RMI Target memory leak detection. Alternatively, you can suppress this warning by disabling RMI Target memory leak detection.
23-Jul-2023 00:03:18.364 INFORMACIÓN [Catalina-utility-1] org.apache.catalina.startup.HostConfig.deployWAR Despliegue del archivo [C:\Users\USUARIO\Desktop\Java Web\apache-tomcat-9.0.76\webapps\inlinemanage.war] de la aplicación web
23-Jul-2023 00:03:18.901 INFORMACIÓN [Catalina-utility-1] org.apache.jasper.servlet.TldScanner.scanJars Al menos un JAR, que se ha explorado buscando TLDs, aún no contenía TLDs. Activar historial de depuración para este historiador para una completa lista de los JARs que fueron explorados y de los que nos se halló TLDs. Saltarse JARs no necesarios durante la exploración puede dar lugar a una mejora de tiempo significativa en el arranque y compilación de JSP .
23-Jul-2023 00:03:18.933 INFORMACIÓN [Catalina-utility-1] org.apache.catalina.startup.HostConfig.deployWAR Deployment of web application archive [C:\Users\USUARIO\Desktop\Java Web\apache-tomcat-9.0.76\webapps\inlinemanage.war] has finished in [564] ms
23-Jul-2023 00:04:19.016 INFORMACIÓN [Catalina-utility-1] org.apache.catalina.startup.HostConfig.undeploy Repliegue (undeploy) de la aplicación web que tiene como trayectoria de contexto [/inlinemanage]
23-Jul-2023 00:04:19.022 ADVERTENCIA [Catalina-utility-1] org.apache.catalina.loader.WebappClassLoaderBase.clearReferencesObjectStreamClassCaches When running on Java 9 or later you need to add "--add-opens=java.base/java.io=ALL-UNNAMED" to the JVM command line arguments to enable ObjectStream cache memory leak protection. Alternatively, you can suppress this warning by disabling ObjectStream class cache memory leak protection.
23-Jul-2023 00:04:19.023 ADVERTENCIA [Catalina-utility-1] org.apache.catalina.loader.WebappClassLoaderBase.checkThreadLocalsForLeaks When running on Java 9 or later you need to add "--add-opens=java.base/java.lang=ALL-UNNAMED" to the JVM command line arguments to enable ThreadLocal memory leak detection. Alternatively, you can suppress this warning by disabling ThreadLocal memory leak detection.
23-Jul-2023 00:04:19.024 ADVERTENCIA [Catalina-utility-1] org.apache.catalina.loader.WebappClassLoaderBase.clearReferencesRmiTargets When running on Java 9 or later you need to add "--add-opens=java.rmi/sun.rmi.transport=ALL-UNNAMED" to the JVM command line arguments to enable RMI Target memory leak detection. Alternatively, you can suppress this warning by disabling RMI Target memory leak detection.
23-Jul-2023 00:04:19.053 INFORMACIÓN [Catalina-utility-1] org.apache.catalina.startup.HostConfig.deployWAR Despliegue del archivo [C:\Users\USUARIO\Desktop\Java Web\apache-tomcat-9.0.76\webapps\inlinemanage.war] de la aplicación web
23-Jul-2023 00:04:19.507 INFORMACIÓN [Catalina-utility-1] org.apache.jasper.servlet.TldScanner.scanJars Al menos un JAR, que se ha explorado buscando TLDs, aún no contenía TLDs. Activar historial de depuración para este historiador para una completa lista de los JARs que fueron explorados y de los que nos se halló TLDs. Saltarse JARs no necesarios durante la exploración puede dar lugar a una mejora de tiempo significativa en el arranque y compilación de JSP .
23-Jul-2023 00:04:19.513 INFORMACIÓN [Catalina-utility-1] org.apache.catalina.startup.HostConfig.deployWAR Deployment of web application archive [C:\Users\USUARIO\Desktop\Java Web\apache-tomcat-9.0.76\webapps\inlinemanage.war] has finished in [460] ms
23-Jul-2023 00:04:59.567 INFORMACIÓN [Catalina-utility-1] org.apache.catalina.startup.HostConfig.undeploy Repliegue (undeploy) de la aplicación web que tiene como trayectoria de contexto [/inlinemanage]
23-Jul-2023 00:04:59.571 ADVERTENCIA [Catalina-utility-1] org.apache.catalina.loader.WebappClassLoaderBase.clearReferencesObjectStreamClassCaches When running on Java 9 or later you need to add "--add-opens=java.base/java.io=ALL-UNNAMED" to the JVM command line arguments to enable ObjectStream cache memory leak protection. Alternatively, you can suppress this warning by disabling ObjectStream class cache memory leak protection.
23-Jul-2023 00:04:59.571 ADVERTENCIA [Catalina-utility-1] org.apache.catalina.loader.WebappClassLoaderBase.checkThreadLocalsForLeaks When running on Java 9 or later you need to add "--add-opens=java.base/java.lang=ALL-UNNAMED" to the JVM command line arguments to enable ThreadLocal memory leak detection. Alternatively, you can suppress this warning by disabling ThreadLocal memory leak detection.
23-Jul-2023 00:04:59.572 ADVERTENCIA [Catalina-utility-1] org.apache.catalina.loader.WebappClassLoaderBase.clearReferencesRmiTargets When running on Java 9 or later you need to add "--add-opens=java.rmi/sun.rmi.transport=ALL-UNNAMED" to the JVM command line arguments to enable RMI Target memory leak detection. Alternatively, you can suppress this warning by disabling RMI Target memory leak detection.
23-Jul-2023 00:04:59.598 INFORMACIÓN [Catalina-utility-1] org.apache.catalina.startup.HostConfig.deployWAR Despliegue del archivo [C:\Users\USUARIO\Desktop\Java Web\apache-tomcat-9.0.76\webapps\inlinemanage.war] de la aplicación web
23-Jul-2023 00:05:00.643 INFORMACIÓN [Catalina-utility-1] org.apache.jasper.servlet.TldScanner.scanJars Al menos un JAR, que se ha explorado buscando TLDs, aún no contenía TLDs. Activar historial de depuración para este historiador para una completa lista de los JARs que fueron explorados y de los que nos se halló TLDs. Saltarse JARs no necesarios durante la exploración puede dar lugar a una mejora de tiempo significativa en el arranque y compilación de JSP .
23-Jul-2023 00:05:00.649 INFORMACIÓN [Catalina-utility-1] org.apache.catalina.startup.HostConfig.deployWAR Deployment of web application archive [C:\Users\USUARIO\Desktop\Java Web\apache-tomcat-9.0.76\webapps\inlinemanage.war] has finished in [1.051] ms
23-Jul-2023 00:17:11.476 INFORMACIÓN [main] org.apache.catalina.core.StandardServer.await Se ha recibido un comando de apagado a través del puerto de apagado. Parando la instancia del Servidor.
23-Jul-2023 00:17:11.477 INFORMACIÓN [main] org.apache.coyote.AbstractProtocol.pause Pausing ProtocolHandler ["http-nio-8080"]
23-Jul-2023 00:17:11.486 INFORMACIÓN [main] org.apache.catalina.core.StandardService.stopInternal Parando servicio [Catalina]
23-Jul-2023 00:17:11.490 ADVERTENCIA [main] org.apache.catalina.loader.WebappClassLoaderBase.clearReferencesObjectStreamClassCaches When running on Java 9 or later you need to add "--add-opens=java.base/java.io=ALL-UNNAMED" to the JVM command line arguments to enable ObjectStream cache memory leak protection. Alternatively, you can suppress this warning by disabling ObjectStream class cache memory leak protection.
23-Jul-2023 00:17:11.491 ADVERTENCIA [main] org.apache.catalina.loader.WebappClassLoaderBase.checkThreadLocalsForLeaks When running on Java 9 or later you need to add "--add-opens=java.base/java.lang=ALL-UNNAMED" to the JVM command line arguments to enable ThreadLocal memory leak detection. Alternatively, you can suppress this warning by disabling ThreadLocal memory leak detection.
23-Jul-2023 00:17:11.491 ADVERTENCIA [main] org.apache.catalina.loader.WebappClassLoaderBase.clearReferencesRmiTargets When running on Java 9 or later you need to add "--add-opens=java.rmi/sun.rmi.transport=ALL-UNNAMED" to the JVM command line arguments to enable RMI Target memory leak detection. Alternatively, you can suppress this warning by disabling RMI Target memory leak detection.
23-Jul-2023 00:17:11.496 ADVERTENCIA [main] org.apache.catalina.loader.WebappClassLoaderBase.clearReferencesObjectStreamClassCaches When running on Java 9 or later you need to add "--add-opens=java.base/java.io=ALL-UNNAMED" to the JVM command line arguments to enable ObjectStream cache memory leak protection. Alternatively, you can suppress this warning by disabling ObjectStream class cache memory leak protection.
23-Jul-2023 00:17:11.497 ADVERTENCIA [main] org.apache.catalina.loader.WebappClassLoaderBase.checkThreadLocalsForLeaks When running on Java 9 or later you need to add "--add-opens=java.base/java.lang=ALL-UNNAMED" to the JVM command line arguments to enable ThreadLocal memory leak detection. Alternatively, you can suppress this warning by disabling ThreadLocal memory leak detection.
23-Jul-2023 00:17:11.497 ADVERTENCIA [main] org.apache.catalina.loader.WebappClassLoaderBase.clearReferencesRmiTargets When running on Java 9 or later you need to add "--add-opens=java.rmi/sun.rmi.transport=ALL-UNNAMED" to the JVM command line arguments to enable RMI Target memory leak detection. Alternatively, you can suppress this warning by disabling RMI Target memory leak detection.
23-Jul-2023 00:17:11.502 ADVERTENCIA [main] org.apache.catalina.loader.WebappClassLoaderBase.clearReferencesObjectStreamClassCaches When running on Java 9 or later you need to add "--add-opens=java.base/java.io=ALL-UNNAMED" to the JVM command line arguments to enable ObjectStream cache memory leak protection. Alternatively, you can suppress this warning by disabling ObjectStream class cache memory leak protection.
23-Jul-2023 00:17:11.503 ADVERTENCIA [main] org.apache.catalina.loader.WebappClassLoaderBase.checkThreadLocalsForLeaks When running on Java 9 or later you need to add "--add-opens=java.base/java.lang=ALL-UNNAMED" to the JVM command line arguments to enable ThreadLocal memory leak detection. Alternatively, you can suppress this warning by disabling ThreadLocal memory leak detection.
23-Jul-2023 00:17:11.503 ADVERTENCIA [main] org.apache.catalina.loader.WebappClassLoaderBase.clearReferencesRmiTargets When running on Java 9 or later you need to add "--add-opens=java.rmi/sun.rmi.transport=ALL-UNNAMED" to the JVM command line arguments to enable RMI Target memory leak detection. Alternatively, you can suppress this warning by disabling RMI Target memory leak detection.
23-Jul-2023 00:17:11.506 ADVERTENCIA [main] org.apache.catalina.loader.WebappClassLoaderBase.clearReferencesObjectStreamClassCaches When running on Java 9 or later you need to add "--add-opens=java.base/java.io=ALL-UNNAMED" to the JVM command line arguments to enable ObjectStream cache memory leak protection. Alternatively, you can suppress this warning by disabling ObjectStream class cache memory leak protection.
23-Jul-2023 00:17:11.506 ADVERTENCIA [main] org.apache.catalina.loader.WebappClassLoaderBase.checkThreadLocalsForLeaks When running on Java 9 or later you need to add "--add-opens=java.base/java.lang=ALL-UNNAMED" to the JVM command line arguments to enable ThreadLocal memory leak detection. Alternatively, you can suppress this warning by disabling ThreadLocal memory leak detection.
23-Jul-2023 00:17:11.507 ADVERTENCIA [main] org.apache.catalina.loader.WebappClassLoaderBase.clearReferencesRmiTargets When running on Java 9 or later you need to add "--add-opens=java.rmi/sun.rmi.transport=ALL-UNNAMED" to the JVM command line arguments to enable RMI Target memory leak detection. Alternatively, you can suppress this warning by disabling RMI Target memory leak detection.
23-Jul-2023 00:17:11.556 ADVERTENCIA [main] org.apache.catalina.loader.WebappClassLoaderBase.clearReferencesObjectStreamClassCaches When running on Java 9 or later you need to add "--add-opens=java.base/java.io=ALL-UNNAMED" to the JVM command line arguments to enable ObjectStream cache memory leak protection. Alternatively, you can suppress this warning by disabling ObjectStream class cache memory leak protection.
23-Jul-2023 00:17:11.557 ADVERTENCIA [main] org.apache.catalina.loader.WebappClassLoaderBase.checkThreadLocalsForLeaks When running on Java 9 or later you need to add "--add-opens=java.base/java.lang=ALL-UNNAMED" to the JVM command line arguments to enable ThreadLocal memory leak detection. Alternatively, you can suppress this warning by disabling ThreadLocal memory leak detection.
23-Jul-2023 00:17:11.558 ADVERTENCIA [main] org.apache.catalina.loader.WebappClassLoaderBase.clearReferencesRmiTargets When running on Java 9 or later you need to add "--add-opens=java.rmi/sun.rmi.transport=ALL-UNNAMED" to the JVM command line arguments to enable RMI Target memory leak detection. Alternatively, you can suppress this warning by disabling RMI Target memory leak detection.
23-Jul-2023 00:17:11.561 ADVERTENCIA [main] org.apache.catalina.loader.WebappClassLoaderBase.clearReferencesObjectStreamClassCaches When running on Java 9 or later you need to add "--add-opens=java.base/java.io=ALL-UNNAMED" to the JVM command line arguments to enable ObjectStream cache memory leak protection. Alternatively, you can suppress this warning by disabling ObjectStream class cache memory leak protection.
23-Jul-2023 00:17:11.561 ADVERTENCIA [main] org.apache.catalina.loader.WebappClassLoaderBase.checkThreadLocalsForLeaks When running on Java 9 or later you need to add "--add-opens=java.base/java.lang=ALL-UNNAMED" to the JVM command line arguments to enable ThreadLocal memory leak detection. Alternatively, you can suppress this warning by disabling ThreadLocal memory leak detection.
23-Jul-2023 00:17:11.561 ADVERTENCIA [main] org.apache.catalina.loader.WebappClassLoaderBase.clearReferencesRmiTargets When running on Java 9 or later you need to add "--add-opens=java.rmi/sun.rmi.transport=ALL-UNNAMED" to the JVM command line arguments to enable RMI Target memory leak detection. Alternatively, you can suppress this warning by disabling RMI Target memory leak detection.
23-Jul-2023 00:17:11.562 INFORMACIÓN [main] org.apache.coyote.AbstractProtocol.stop Stopping ProtocolHandler ["http-nio-8080"]
23-Jul-2023 00:17:11.595 INFORMACIÓN [main] org.apache.coyote.AbstractProtocol.destroy Destroying ProtocolHandler ["http-nio-8080"]
