03-Aug-2023 19:25:15.634 INFORMACIÓN [main] org.apache.catalina.startup.VersionLoggerListener.log Nombre de la versión del servidor: Apache Tomcat/9.0.76
03-Aug-2023 19:25:15.639 INFORMACIÓN [main] org.apache.catalina.startup.VersionLoggerListener.log Server built:                      Jun 5 2023 07:17:04 UTC
03-Aug-2023 19:25:15.639 INFORMACIÓN [main] org.apache.catalina.startup.VersionLoggerListener.log Número de versión de servidor:     9.0.76.0
03-Aug-2023 19:25:15.639 INFORMACIÓN [main] org.apache.catalina.startup.VersionLoggerListener.log OS Name:                           Windows 10
03-Aug-2023 19:25:15.639 INFORMACIÓN [main] org.apache.catalina.startup.VersionLoggerListener.log Versión de Systema Operativo:      10.0
03-Aug-2023 19:25:15.639 INFORMACIÓN [main] org.apache.catalina.startup.VersionLoggerListener.log Arquitectura:                      amd64
03-Aug-2023 19:25:15.639 INFORMACIÓN [main] org.apache.catalina.startup.VersionLoggerListener.log Java Home:                         C:\Program Files\Eclipse Adoptium\jdk-17.0.7.7-hotspot
03-Aug-2023 19:25:15.639 INFORMACIÓN [main] org.apache.catalina.startup.VersionLoggerListener.log JVM Version:                       17.0.7+7
03-Aug-2023 19:25:15.640 INFORMACIÓN [main] org.apache.catalina.startup.VersionLoggerListener.log Vededor JVM:                       Eclipse Adoptium
03-Aug-2023 19:25:15.640 INFORMACIÓN [main] org.apache.catalina.startup.VersionLoggerListener.log CATALINA_BASE:                     C:\Users\USUARIO\Downloads\Java Web\apache-tomcat-9.0.76
03-Aug-2023 19:25:15.640 INFORMACIÓN [main] org.apache.catalina.startup.VersionLoggerListener.log CATALINA_HOME:                     C:\Users\USUARIO\Downloads\Java Web\apache-tomcat-9.0.76
03-Aug-2023 19:25:15.735 INFORMACIÓN [main] org.apache.catalina.startup.VersionLoggerListener.log Command line argument:             -Djava.util.logging.config.file=c:\Users\USUARIO\Downloads\Java Web\apache-tomcat-9.0.76/conf/logging.properties
03-Aug-2023 19:25:15.735 INFORMACIÓN [main] org.apache.catalina.startup.VersionLoggerListener.log Command line argument:             -Djava.util.logging.manager=org.apache.juli.ClassLoaderLogManager
03-Aug-2023 19:25:15.735 INFORMACIÓN [main] org.apache.catalina.startup.VersionLoggerListener.log Command line argument:             -Djdk.tls.ephemeralDHKeySize=2048
03-Aug-2023 19:25:15.735 INFORMACIÓN [main] org.apache.catalina.startup.VersionLoggerListener.log Command line argument:             -Djava.protocol.handler.pkgs=org.apache.catalina.webresources
03-Aug-2023 19:25:15.735 INFORMACIÓN [main] org.apache.catalina.startup.VersionLoggerListener.log Command line argument:             -Dorg.apache.catalina.security.SecurityListener.UMASK=0027
03-Aug-2023 19:25:15.736 INFORMACIÓN [main] org.apache.catalina.startup.VersionLoggerListener.log Command line argument:             -Dcatalina.base=c:\Users\USUARIO\Downloads\Java Web\apache-tomcat-9.0.76
03-Aug-2023 19:25:15.736 INFORMACIÓN [main] org.apache.catalina.startup.VersionLoggerListener.log Command line argument:             -Dcatalina.home=c:\Users\USUARIO\Downloads\Java Web\apache-tomcat-9.0.76
03-Aug-2023 19:25:15.736 INFORMACIÓN [main] org.apache.catalina.startup.VersionLoggerListener.log Command line argument:             -Djava.io.tmpdir=c:\Users\USUARIO\Downloads\Java Web\apache-tomcat-9.0.76/temp
03-Aug-2023 19:25:15.749 INFORMACIÓN [main] org.apache.catalina.core.AprLifecycleListener.lifecycleEvent La biblioteca nativa de Apache Tomcat basada en ARP que permite un rendimiento óptimo en entornos de desarrollo no ha sido hallada en java.library.path: [C:\Program Files\Eclipse Adoptium\jdk-17.0.7.7-hotspot\bin;C:\Windows\Sun\Java\bin;C:\Windows\system32;C:\Windows;C:\Program Files\Eclipse Adoptium\jdk-17.0.7.7-hotspot\bin;C:\Windows\system32;C:\Windows;C:\Windows\System32\Wbem;C:\Windows\System32\WindowsPowerShell\v1.0\;C:\Windows\System32\OpenSSH\;C:\Program Files\NVIDIA Corporation\NVIDIA NvDLISR;C:\Program Files\Git\cmd;C:\Program Files (x86)\NVIDIA Corporation\PhysX\Common;C:\Users\USUARIO\Desktop\Java Web\apache-maven-3.9.3\bin;C:\Program Files\nodejs\;C:\Program Files\Microsoft SQL Server\Client SDK\ODBC\170\Tools\Binn\;C:\Program Files (x86)\Microsoft SQL Server\150\Tools\Binn\;C:\Program Files\Microsoft SQL Server\150\Tools\Binn\;C:\Program Files\Microsoft SQL Server\150\DTS\Binn\;C:\Program Files (x86)\Microsoft SQL Server\160\DTS\Binn\;C:\Program Files\Azure Data Studio\bin;C:\Users\USUARIO\AppData\Local\Microsoft\WindowsApps;;C:\Users\USUARIO\Documents\Programas\Microsoft VS Code\bin;C:\Users\USUARIO\Documents\Programas\IntelliJ IDEA 2023.1.2\bin;;C:\Users\USUARIO\AppData\Roaming\npm;C:\Program Files\Azure Data Studio\bin;.]
03-Aug-2023 19:25:16.114 INFORMACIÓN [main] org.apache.coyote.AbstractProtocol.init Inicializando el manejador de protocolo ["http-nio-8080"]

03-Aug-2023 19:25:16.146 INFORMACIÓN [main] org.apache.catalina.startup.Catalina.load Server initialization in [725] milliseconds
03-Aug-2023 19:25:16.221 INFORMACIÓN [main] org.apache.catalina.core.StandardService.startInternal Arrancando servicio [Catalina]
03-Aug-2023 19:25:16.222 INFORMACIÓN [main] org.apache.catalina.core.StandardEngine.startInternal Starting Servlet engine: [Apache Tomcat/9.0.76]
03-Aug-2023 19:25:16.252 INFORMACIÓN [main] org.apache.catalina.startup.HostConfig.deployWAR Despliegue del archivo [C:\Users\USUARIO\Downloads\Java Web\apache-tomcat-9.0.76\webapps\inlinemanage.war] de la aplicación web
03-Aug-2023 19:25:17.106 INFORMACIÓN [main] org.apache.jasper.servlet.TldScanner.scanJars Al menos un JAR, que se ha explorado buscando TLDs, aún no contenía TLDs. Activar historial de depuración para este historiador para una completa lista de los JARs que fueron explorados y de los que nos se halló TLDs. Saltarse JARs no necesarios durante la exploración puede dar lugar a una mejora de tiempo significativa en el arranque y compilación de JSP .
03-Aug-2023 19:25:17.243 INFORMACIÓN [main] org.apache.catalina.startup.HostConfig.deployWAR Deployment of web application archive [C:\Users\USUARIO\Downloads\Java Web\apache-tomcat-9.0.76\webapps\inlinemanage.war] has finished in [989] ms
03-Aug-2023 19:25:17.244 INFORMACIÓN [main] org.apache.catalina.startup.HostConfig.deployWAR Despliegue del archivo [C:\Users\USUARIO\Downloads\Java Web\apache-tomcat-9.0.76\webapps\javaweb.war] de la aplicación web
03-Aug-2023 19:25:17.630 INFORMACIÓN [main] org.apache.jasper.servlet.TldScanner.scanJars Al menos un JAR, que se ha explorado buscando TLDs, aún no contenía TLDs. Activar historial de depuración para este historiador para una completa lista de los JARs que fueron explorados y de los que nos se halló TLDs. Saltarse JARs no necesarios durante la exploración puede dar lugar a una mejora de tiempo significativa en el arranque y compilación de JSP .
03-Aug-2023 19:25:17.637 INFORMACIÓN [main] org.apache.catalina.startup.HostConfig.deployWAR Deployment of web application archive [C:\Users\USUARIO\Downloads\Java Web\apache-tomcat-9.0.76\webapps\javaweb.war] has finished in [393] ms
03-Aug-2023 19:25:17.638 INFORMACIÓN [main] org.apache.catalina.startup.HostConfig.deployDirectory Desplegando el directorio [C:\Users\USUARIO\Downloads\Java Web\apache-tomcat-9.0.76\webapps\docs] de la aplicación web
03-Aug-2023 19:25:17.697 INFORMACIÓN [main] org.apache.catalina.startup.HostConfig.deployDirectory Deployment of web application directory [C:\Users\USUARIO\Downloads\Java Web\apache-tomcat-9.0.76\webapps\docs] has finished in [59] ms
03-Aug-2023 19:25:17.698 INFORMACIÓN [main] org.apache.catalina.startup.HostConfig.deployDirectory Desplegando el directorio [C:\Users\USUARIO\Downloads\Java Web\apache-tomcat-9.0.76\webapps\examples] de la aplicación web
03-Aug-2023 19:25:18.220 INFORMACIÓN [main] org.apache.catalina.startup.HostConfig.deployDirectory Deployment of web application directory [C:\Users\USUARIO\Downloads\Java Web\apache-tomcat-9.0.76\webapps\examples] has finished in [522] ms
03-Aug-2023 19:25:18.221 INFORMACIÓN [main] org.apache.catalina.startup.HostConfig.deployDirectory Desplegando el directorio [C:\Users\USUARIO\Downloads\Java Web\apache-tomcat-9.0.76\webapps\host-manager] de la aplicación web
03-Aug-2023 19:25:18.283 INFORMACIÓN [main] org.apache.catalina.startup.HostConfig.deployDirectory Deployment of web application directory [C:\Users\USUARIO\Downloads\Java Web\apache-tomcat-9.0.76\webapps\host-manager] has finished in [61] ms
03-Aug-2023 19:25:18.283 INFORMACIÓN [main] org.apache.catalina.startup.HostConfig.deployDirectory Desplegando el directorio [C:\Users\USUARIO\Downloads\Java Web\apache-tomcat-9.0.76\webapps\manager] de la aplicación web
03-Aug-2023 19:25:18.344 INFORMACIÓN [main] org.apache.catalina.startup.HostConfig.deployDirectory Deployment of web application directory [C:\Users\USUARIO\Downloads\Java Web\apache-tomcat-9.0.76\webapps\manager] has finished in [61] ms
03-Aug-2023 19:25:18.345 INFORMACIÓN [main] org.apache.catalina.startup.HostConfig.deployDirectory Desplegando el directorio [C:\Users\USUARIO\Downloads\Java Web\apache-tomcat-9.0.76\webapps\ROOT] de la aplicación web
03-Aug-2023 19:25:18.417 INFORMACIÓN [main] org.apache.catalina.startup.HostConfig.deployDirectory Deployment of web application directory [C:\Users\USUARIO\Downloads\Java Web\apache-tomcat-9.0.76\webapps\ROOT] has finished in [71] ms
03-Aug-2023 19:25:18.429 INFORMACIÓN [main] org.apache.coyote.AbstractProtocol.start Starting ProtocolHandler ["http-nio-8080"]
03-Aug-2023 19:25:18.505 INFORMACIÓN [main] org.apache.catalina.startup.Catalina.start Server startup in [2358] milliseconds
